[10:34:54] [Server thread/INFO]: Starting minecraft server version 1.15.2
[10:34:54] [Server thread/INFO]: Loading properties
[10:34:54] [Server thread/INFO]: Default game type: SURVIVAL
[10:34:54] [Server thread/INFO]: Generating keypair
[10:34:54] [Server thread/INFO]: Starting Minecraft server on *:25565
[10:34:54] [Server thread/INFO]: Using epoll channel type
[10:34:54] [Server thread/INFO]: This server is running CraftBukkit version git-Bukkit-8160e29 (MC: 1.15.2) (Implementing API version 1.15.2-R0.1-SNAPSHOT)
[10:34:54] [Server thread/INFO]: Preparing level "world"
[10:34:55] [Server thread/INFO]: Found new data pack file/bukkit, loading it automatically
[10:34:55] [Server thread/INFO]: Found new data pack vanilla, loading it automatically
[10:34:55] [Server thread/INFO]: Reloading ResourceManager: Default, bukkit
[10:34:59] [Server thread/INFO]: Loaded 6 recipes
[10:35:03] [Server thread/INFO]: Preparing start region for dimension 'world'/minecraft:overworld
[10:35:03] [Server-Worker-4/INFO]: Preparing spawn area: 0%
[10:35:03] [Server-Worker-3/INFO]: Preparing spawn area: 0%
[10:35:04] [Server-Worker-3/INFO]: Preparing spawn area: 0%
[10:35:04] [Server-Worker-5/INFO]: Preparing spawn area: 3%
[10:35:05] [Server-Worker-2/INFO]: Preparing spawn area: 6%
[10:35:05] [Server-Worker-4/INFO]: Preparing spawn area: 10%
[10:35:06] [Server-Worker-2/INFO]: Preparing spawn area: 13%
[10:35:06] [Server-Worker-6/INFO]: Preparing spawn area: 18%
[10:35:07] [Server-Worker-5/INFO]: Preparing spawn area: 23%
[10:35:07] [Server-Worker-7/INFO]: Preparing spawn area: 26%
[10:35:08] [Server-Worker-5/INFO]: Preparing spawn area: 31%
[10:35:08] [Server-Worker-2/INFO]: Preparing spawn area: 35%
[10:35:09] [Server-Worker-1/INFO]: Preparing spawn area: 40%
[10:35:09] [Server-Worker-1/INFO]: Preparing spawn area: 45%
[10:35:10] [Server-Worker-7/INFO]: Preparing spawn area: 51%
[10:35:10] [Server-Worker-5/INFO]: Preparing spawn area: 57%
[10:35:11] [Server-Worker-6/INFO]: Preparing spawn area: 63%
[10:35:11] [Server-Worker-3/INFO]: Preparing spawn area: 70%
[10:35:12] [Server-Worker-7/INFO]: Preparing spawn area: 74%
[10:35:12] [Server-Worker-3/INFO]: Preparing spawn area: 80%
[10:35:13] [Server-Worker-3/INFO]: Preparing spawn area: 87%
[10:35:13] [Server-Worker-1/INFO]: Preparing spawn area: 93%
[10:35:14] [Server-Worker-6/INFO]: Preparing spawn area: 98%
[10:35:14] [Server thread/INFO]: Time elapsed: 11120 ms
[10:35:14] [Server thread/INFO]: Preparing start region for dimension 'world_nether'/minecraft:the_nether
[10:35:14] [Server-Worker-3/INFO]: Preparing spawn area: 0%
[10:35:14] [Server-Worker-1/INFO]: Preparing spawn area: 2%
[10:35:15] [Server-Worker-1/INFO]: Preparing spawn area: 9%
[10:35:15] [Server-Worker-5/INFO]: Preparing spawn area: 17%
[10:35:16] [Server-Worker-7/INFO]: Preparing spawn area: 31%
[10:35:16] [Server-Worker-5/INFO]: Preparing spawn area: 48%
[10:35:17] [Server-Worker-2/INFO]: Preparing spawn area: 64%
[10:35:17] [Server-Worker-7/INFO]: Preparing spawn area: 79%
[10:35:18] [Server-Worker-1/INFO]: Preparing spawn area: 97%
[10:35:18] [Server thread/INFO]: Time elapsed: 4071 ms
[10:35:18] [Server thread/INFO]: Preparing start region for dimension 'world_the_end'/minecraft:the_end
[10:35:18] [Server-Worker-2/INFO]: Preparing spawn area: 0%
[10:35:18] [Server-Worker-6/INFO]: Preparing spawn area: 17%
[10:35:19] [Server-Worker-5/INFO]: Preparing spawn area: 71%
[10:35:19] [Server thread/INFO]: Time elapsed: 1207 ms
[10:35:19] [Server thread/INFO]: Server permissions file permissions.yml is empty, ignoring it
[10:35:19] [Server thread/INFO]: Done (24.533s)! For help, type "help"
[10:35:31] [User Authenticator #1/INFO]: UUID of player 1635321 is a7446cd0-e634-48d4-b0c8-5754a2300877
[10:35:31] [Server thread/INFO]: 1635321[/129.2.208.207:42830] logged in with entity id 185 at ([world]-14.5, 69.0, 124.5)
[10:35:45] [Server thread/INFO]: 1635321 lost connection: Disconnected
[10:35:45] [Server thread/INFO]: 1635321 left the game
[10:35:48] [Thread-2/INFO]: Stopping server
[10:35:48] [Thread-2/INFO]: Saving players
