[10:32:51] [Server thread/INFO]: Starting minecraft server version 1.15.2
[10:32:51] [Server thread/INFO]: Loading properties
[10:32:51] [Server thread/INFO]: Default game type: SURVIVAL
[10:32:51] [Server thread/INFO]: Generating keypair
[10:32:51] [Server thread/INFO]: Starting Minecraft server on *:25565
[10:32:52] [Server thread/INFO]: Using epoll channel type
[10:32:52] [Server thread/INFO]: This server is running CraftBukkit version git-Bukkit-8160e29 (MC: 1.15.2) (Implementing API version 1.15.2-R0.1-SNAPSHOT)
[10:32:52] [Server thread/INFO]: Preparing level "world"
[10:32:52] [Server thread/INFO]: Reloading ResourceManager: Default, bukkit
[10:32:56] [Server thread/INFO]: Loaded 6 recipes
[10:32:56] [Server thread/INFO]: Preparing start region for dimension 'world'/minecraft:overworld
[10:32:57] [Server thread/INFO]: Preparing spawn area: 0%
[10:32:57] [Server thread/INFO]: Preparing spawn area: 0%
[10:32:59] [Server-Worker-5/INFO]: Preparing spawn area: 83%
[10:32:59] [Server-Worker-1/INFO]: Preparing spawn area: 83%
[10:32:59] [Server-Worker-1/INFO]: Preparing spawn area: 83%
[10:32:59] [Server-Worker-1/INFO]: Preparing spawn area: 98%
[10:32:59] [Server thread/INFO]: Time elapsed: 2999 ms
[10:32:59] [Server thread/INFO]: Preparing start region for dimension 'world_nether'/minecraft:the_nether
[10:33:00] [Server thread/INFO]: Preparing spawn area: 0%
[10:33:00] [Server thread/INFO]: Preparing spawn area: 19%
[10:33:00] [Server-Worker-6/INFO]: Preparing spawn area: 83%
[10:33:01] [Server-Worker-1/INFO]: Preparing spawn area: 83%
[10:33:01] [Server-Worker-2/INFO]: Preparing spawn area: 97%
[10:33:01] [Server thread/INFO]: Time elapsed: 2079 ms
[10:33:01] [Server thread/INFO]: Preparing start region for dimension 'world_the_end'/minecraft:the_end
[10:33:02] [Server thread/INFO]: Preparing spawn area: 0%
[10:33:02] [Server-Worker-3/INFO]: Preparing spawn area: 94%
[10:33:02] [Server thread/INFO]: Time elapsed: 535 ms
[10:33:02] [Server thread/INFO]: Server permissions file permissions.yml is empty, ignoring it
[10:33:02] [Server thread/INFO]: Done (9.919s)! For help, type "help"
[10:33:38] [User Authenticator #1/INFO]: UUID of player 1635321 is a7446cd0-e634-48d4-b0c8-5754a2300877
[10:33:39] [Server thread/INFO]: 1635321[/129.2.208.207:42820] logged in with entity id 270 at ([world]-59.36420636142005, 64.0, 259.72929925919675)
[10:33:41] [Server thread/INFO]: 1635321 lost connection: Disconnected
[10:33:41] [Server thread/INFO]: 1635321 left the game
[10:33:44] [Thread-2/INFO]: Stopping server
[10:33:44] [Thread-2/INFO]: Saving players
