[13:48:22] [Server thread/INFO]: Starting minecraft server version 1.15.2
[13:48:22] [Server thread/INFO]: Loading properties
[13:48:22] [Server thread/INFO]: Default game type: SURVIVAL
[13:48:22] [Server thread/INFO]: Generating keypair
[13:48:22] [Server thread/INFO]: Starting Minecraft server on *:25565
[13:48:22] [Server thread/INFO]: Using epoll channel type
[13:48:22] [Server thread/INFO]: This server is running CraftBukkit version git-Bukkit-8160e29 (MC: 1.15.2) (Implementing API version 1.15.2-R0.1-SNAPSHOT)
[13:48:25] [Server thread/INFO]: [GriefPrevention] Loading GriefPrevention v16.13.0
[13:48:25] [Server thread/INFO]: Preparing level "world"
[13:48:25] [Server thread/INFO]: Reloading ResourceManager: Default, bukkit
[13:48:28] [Server thread/INFO]: Loaded 6 recipes
[13:48:28] [Server thread/INFO]: Preparing start region for dimension 'world'/minecraft:overworld
[13:48:28] [Server thread/INFO]: Preparing spawn area: 0%
[13:48:28] [Server thread/INFO]: Preparing spawn area: 0%
[13:48:30] [Server-Worker-6/INFO]: Preparing spawn area: 83%
[13:48:30] [Server-Worker-7/INFO]: Preparing spawn area: 83%
[13:48:30] [Server-Worker-7/INFO]: Preparing spawn area: 83%
[13:48:30] [Server-Worker-4/INFO]: Preparing spawn area: 95%
[13:48:31] [Server-Worker-1/INFO]: Preparing spawn area: 95%
[13:48:31] [Server-Worker-5/INFO]: Preparing spawn area: 98%
[13:48:31] [Server thread/INFO]: Time elapsed: 3582 ms
[13:48:31] [Server thread/INFO]: Preparing start region for dimension 'world_nether'/minecraft:the_nether
[13:48:32] [Server thread/INFO]: Preparing spawn area: 0%
[13:48:32] [Server-Worker-5/INFO]: Preparing spawn area: 83%
[13:48:32] [Server-Worker-2/INFO]: Preparing spawn area: 83%
[13:48:33] [Server-Worker-1/INFO]: Preparing spawn area: 93%
[13:48:33] [Server thread/INFO]: Time elapsed: 1655 ms
[13:48:33] [Server thread/INFO]: Preparing start region for dimension 'world_the_end'/minecraft:the_end
[13:48:33] [Server thread/INFO]: Preparing spawn area: 0%
[13:48:34] [Server-Worker-6/INFO]: Preparing spawn area: 89%
[13:48:34] [Server thread/INFO]: Time elapsed: 573 ms
[13:48:34] [Server thread/INFO]: [GriefPrevention] Enabling GriefPrevention v16.13.0
[13:48:34] [Server thread/INFO]: [GriefPrevention] Finished loading configuration.
[13:48:34] [Server thread/INFO]: [GriefPrevention] 0 total claims loaded.
[13:48:34] [Server thread/INFO]: [GriefPrevention] Customizable messages loaded.
[13:48:34] [Server thread/INFO]: [GriefPrevention] Finished loading data (File Mode).
[13:48:34] [Server thread/INFO]: [GriefPrevention] Boot finished.
[13:48:34] [Server thread/INFO]: Server permissions file permissions.yml is empty, ignoring it
[13:48:34] [Server thread/INFO]: Done (8.810s)! For help, type "help"
[13:48:43] [User Authenticator #1/INFO]: UUID of player 1635321 is a7446cd0-e634-48d4-b0c8-5754a2300877
[13:48:43] [Server thread/INFO]: 1635321[/129.2.208.207:37798] logged in with entity id 123 at ([world]-114.12853723206197, 71.49701128040667, 286.0718093568422)
[13:49:35] [Server thread/INFO]: 1635321 lost connection: Disconnected
[13:49:35] [Server thread/INFO]: 1635321 left the game
[13:49:39] [Server thread/INFO]: Stopping the server
[13:49:39] [Server thread/INFO]: Stopping server
[13:49:39] [Server thread/INFO]: [GriefPrevention] Disabling GriefPrevention v16.13.0
[13:49:39] [Server thread/INFO]: [GriefPrevention] GriefPrevention disabled.
[13:49:39] [Server thread/INFO]: Saving players
[13:49:39] [Server thread/INFO]: Saving worlds
[13:49:39] [Server thread/INFO]: Saving chunks for level 'world'/minecraft:overworld
[13:49:39] [Server thread/INFO]: ThreadedAnvilChunkStorage (world): All chunks are saved
[13:49:39] [Server thread/INFO]: Saving chunks for level 'world_nether'/minecraft:the_nether
[13:49:40] [Server thread/INFO]: ThreadedAnvilChunkStorage (DIM-1): All chunks are saved
[13:49:40] [Server thread/INFO]: Saving chunks for level 'world_the_end'/minecraft:the_end
[13:49:40] [Server thread/INFO]: ThreadedAnvilChunkStorage (DIM1): All chunks are saved
[13:49:40] [Server thread/INFO]: ThreadedAnvilChunkStorage (world): All chunks are saved
[13:49:40] [Server thread/INFO]: ThreadedAnvilChunkStorage (DIM-1): All chunks are saved
[13:49:40] [Server thread/INFO]: ThreadedAnvilChunkStorage (DIM1): All chunks are saved
