[10:43:34] [Server thread/INFO]: Starting minecraft server version 1.15.2
[10:43:34] [Server thread/INFO]: Loading properties
[10:43:34] [Server thread/INFO]: Default game type: SURVIVAL
[10:43:34] [Server thread/INFO]: Generating keypair
[10:43:35] [Server thread/INFO]: Starting Minecraft server on *:25565
[10:43:35] [Server thread/INFO]: Using epoll channel type
[10:43:35] [Server thread/INFO]: This server is running CraftBukkit version git-Bukkit-8160e29 (MC: 1.15.2) (Implementing API version 1.15.2-R0.1-SNAPSHOT)
[10:43:35] [Server thread/INFO]: Preparing level "world"
[10:43:36] [Server thread/INFO]: Reloading ResourceManager: Default, bukkit
[10:43:39] [Server thread/INFO]: Loaded 6 recipes
[10:43:40] [Server thread/INFO]: Preparing start region for dimension 'world'/minecraft:overworld
[10:43:40] [Server thread/INFO]: Preparing spawn area: 0%
[10:43:40] [Server thread/INFO]: Preparing spawn area: 0%
[10:43:42] [Server-Worker-6/INFO]: Preparing spawn area: 83%
[10:43:42] [Server-Worker-2/INFO]: Preparing spawn area: 83%
[10:43:42] [Server-Worker-6/INFO]: Preparing spawn area: 83%
[10:43:42] [Server-Worker-2/INFO]: Preparing spawn area: 87%
[10:43:43] [Server-Worker-4/INFO]: Preparing spawn area: 87%
[10:43:43] [Server-Worker-5/INFO]: Preparing spawn area: 89%
[10:43:44] [Server-Worker-6/INFO]: Preparing spawn area: 95%
[10:43:44] [Server thread/INFO]: Time elapsed: 4463 ms
[10:43:44] [Server thread/INFO]: Preparing start region for dimension 'world_nether'/minecraft:the_nether
[10:43:45] [Server thread/INFO]: Preparing spawn area: 0%
[10:43:45] [Server-Worker-4/INFO]: Preparing spawn area: 83%
[10:43:45] [Server-Worker-7/INFO]: Preparing spawn area: 83%
[10:43:46] [Server-Worker-6/INFO]: Preparing spawn area: 93%
[10:43:46] [Server thread/INFO]: Time elapsed: 1666 ms
[10:43:46] [Server thread/INFO]: Preparing start region for dimension 'world_the_end'/minecraft:the_end
[10:43:46] [Server thread/INFO]: Preparing spawn area: 0%
[10:43:46] [Server-Worker-2/INFO]: Preparing spawn area: 84%
[10:43:46] [Server thread/INFO]: Time elapsed: 608 ms
[10:43:46] [Server thread/INFO]: Server permissions file permissions.yml is empty, ignoring it
[10:43:46] [Server thread/INFO]: Done (11.197s)! For help, type "help"
[10:43:54] [User Authenticator #1/INFO]: UUID of player 1635321 is a7446cd0-e634-48d4-b0c8-5754a2300877
[10:43:54] [Server thread/INFO]: 1635321[/129.2.208.207:42844] logged in with entity id 202 at ([world]-8.075110921405546, 76.0, 139.71476609799316)
[10:44:08] [Server thread/INFO]: 1635321 lost connection: Disconnected
[10:44:08] [Server thread/INFO]: 1635321 left the game
[10:44:38] [Thread-2/INFO]: Stopping server
[10:44:38] [Thread-2/INFO]: Saving players
