[07:34:33] [User Authenticator #2/INFO]: UUID of player LittyBoiz is ccf4470c-2c26-4a99-883a-be674e11053d
[07:34:33] [Server thread/INFO]: LittyBoiz[/96.255.198.177:52528] logged in with entity id 1387 at ([world]-0.1383941541027534, 63.0, 178.83912944678764)
[07:44:29] [Server thread/INFO]: LittyBoiz lost connection: Disconnected
[07:44:29] [Server thread/INFO]: LittyBoiz left the game
[07:44:43] [User Authenticator #3/INFO]: UUID of player LittyBoiz is ccf4470c-2c26-4a99-883a-be674e11053d
[07:44:43] [Server thread/INFO]: LittyBoiz[/96.255.198.177:52578] logged in with entity id 2946 at ([world_nether]-204.30000001192093, 62.0, 312.99185329018786)
[07:49:39] [Server thread/INFO]: LittyBoiz was slain by Wither Skeleton
[08:26:15] [Server thread/INFO]: LittyBoiz lost connection: Disconnected
[08:26:15] [Server thread/INFO]: LittyBoiz left the game
[09:52:39] [User Authenticator #4/INFO]: UUID of player LittyBoiz is ccf4470c-2c26-4a99-883a-be674e11053d
[09:52:39] [Server thread/INFO]: LittyBoiz[/96.255.198.177:52760] logged in with entity id 11149 at ([world]197.67074386912608, 65.0, 135.42894539783293)
[10:03:22] [Server thread/INFO]: LittyBoiz lost connection: Disconnected
[10:03:22] [Server thread/INFO]: LittyBoiz left the game
[10:19:41] [User Authenticator #5/INFO]: UUID of player 1635321 is a7446cd0-e634-48d4-b0c8-5754a2300877
[10:19:41] [Server thread/INFO]: 1635321[/10.105.140.184:50569] logged in with entity id 12450 at ([world]-106.27044361293497, 72.0, 259.6622469944012)
[10:19:51] [Server thread/INFO]: 1635321 lost connection: Disconnected
[10:19:51] [Server thread/INFO]: 1635321 left the game
[11:12:19] [User Authenticator #6/INFO]: UUID of player LittyBoiz is ccf4470c-2c26-4a99-883a-be674e11053d
[11:12:19] [Server thread/INFO]: LittyBoiz[/96.255.198.177:52951] logged in with entity id 12588 at ([world]193.27345261193588, 65.0, 128.77582992945105)
[11:28:16] [Server thread/INFO]: LittyBoiz tried to swim in lava
[11:37:02] [Server thread/INFO]: LittyBoiz lost connection: Disconnected
[11:37:02] [Server thread/INFO]: LittyBoiz left the game
[13:15:46] [User Authenticator #7/INFO]: UUID of player moss_admirer is ca092025-1234-4ec9-ad22-dfd8841d09ef
[13:15:46] [Server thread/INFO]: moss_admirer[/173.73.196.219:57777] logged in with entity id 16488 at ([world]-6.5, 68.0, 120.5)
[13:16:31] [Server thread/INFO]: moss_admirer issued server command: /help
[13:16:37] [Server thread/INFO]: moss_admirer issued server command: /help 2
[13:23:13] [Server thread/WARN]: moss_admirer moved too quickly! 0.8958923326578656,0.0,-22.74219386093788
[13:26:51] [Server thread/INFO]: moss_admirer has made the advancement [Stone Age]
[13:27:59] [Server thread/INFO]: moss_admirer has made the advancement [Monster Hunter]
[13:29:38] [Server thread/INFO]: moss_admirer was shot by Skeleton
[13:36:53] [Server thread/INFO]: moss_admirer has made the advancement [Getting an Upgrade]
[13:43:09] [Server thread/INFO]: moss_admirer issued server command: /spawn
[13:49:15] [Server thread/INFO]: moss_admirer has made the advancement [Acquire Hardware]
[13:55:22] [Server thread/INFO]: moss_admirer has made the advancement [A Seedy Place]
[14:09:09] [Server thread/INFO]: moss_admirer lost connection: Disconnected
[14:09:09] [Server thread/INFO]: moss_admirer left the game
[14:46:03] [User Authenticator #8/INFO]: UUID of player LittyBoiz is ccf4470c-2c26-4a99-883a-be674e11053d
[14:46:03] [Server thread/INFO]: LittyBoiz[/96.255.198.177:53340] logged in with entity id 23306 at ([world]197.675382390468, 65.0, 128.76434052856993)
[14:52:15] [Server thread/INFO]: LittyBoiz lost connection: Disconnected
[14:52:15] [Server thread/INFO]: LittyBoiz left the game
[15:35:31] [User Authenticator #9/INFO]: UUID of player matster1998 is 5632c0db-0ac8-472e-8934-5fd5016b1c2c
[15:35:31] [Server thread/INFO]: matster1998[/10.105.186.239:53823] logged in with entity id 24189 at ([world]85.11467559306965, 64.0, 179.7483582465791)
[15:40:12] [Server thread/WARN]: matster1998 moved wrongly!
[15:43:24] [Server thread/INFO]: matster1998 lost connection: Disconnected
[15:43:24] [Server thread/INFO]: matster1998 left the game
[16:18:02] [User Authenticator #10/INFO]: UUID of player roelanford is 70cecc02-8c9a-4640-be0a-08f1badddd3d
[16:18:02] [Server thread/INFO]: roelanford[/216.164.58.29:50888] logged in with entity id 25343 at ([world]356.5, 64.0000002, 108.5)
[16:29:20] [Server thread/INFO]: roelanford was slain by Zombie
[16:37:20] [User Authenticator #11/INFO]: UUID of player matster1998 is 5632c0db-0ac8-472e-8934-5fd5016b1c2c
[16:37:20] [Server thread/INFO]: matster1998[/10.105.186.239:54072] logged in with entity id 28203 at ([world]78.885618248564, 64.0, 176.18333268240622)
[16:45:37] [User Authenticator #12/INFO]: UUID of player LittyBoiz is ccf4470c-2c26-4a99-883a-be674e11053d
[16:45:37] [Server thread/INFO]: LittyBoiz[/96.255.198.177:53428] logged in with entity id 29988 at ([world]173.6242861484665, 65.0, 128.47691241787484)
[16:45:46] [Netty Epoll Server IO #13/INFO]: <LittyBoiz> whattup squad[m
[16:45:51] [Netty Epoll Server IO #11/INFO]: <matster1998> hi[m
[16:47:15] [Netty Epoll Server IO #11/INFO]: <matster1998> so um[m
[16:47:36] [Netty Epoll Server IO #11/INFO]: <matster1998> why does the railway that leads to "socrates cult" lead to your place, gaurav?[m
[16:48:43] [Netty Epoll Server IO #13/INFO]: <LittyBoiz> :flushed:[m
[16:49:56] [Netty Epoll Server IO #11/INFO]: <matster1998> you lied![m
[16:50:32] [Netty Epoll Server IO #11/INFO]: <matster1998> and then you try to shoot me smh[m
[16:51:25] [Netty Epoll Server IO #13/INFO]: <LittyBoiz> it was a good prank[m
[16:52:00] [Server thread/INFO]: roelanford tried to swim in lava
[16:54:14] [Server thread/INFO]: [GriefPrevention] matster1998 placed suspicious WATER_BUCKET @ world: x77, z148
[16:54:46] [Server thread/INFO]: matster1998 was shot by LittyBoiz
[16:55:18] [Netty Epoll Server IO #13/INFO]: <LittyBoiz> lemme get arrows[m
[16:55:34] [Netty Epoll Server IO #13/INFO]: <LittyBoiz> o wait i can just collect yours[m
[16:58:18] [Server thread/INFO]: matster1998 fell from a high place
[17:00:51] [Netty Epoll Server IO #13/INFO]: <LittyBoiz> i cannt damage u there[m
[17:00:52] [Netty Epoll Server IO #13/INFO]: <LittyBoiz> :o[m
[17:00:54] [Netty Epoll Server IO #11/INFO]: <matster1998> same[m
[17:01:11] [Server thread/INFO]: roelanford was slain by Spider
[17:01:11] [Server thread/INFO]: matster1998 was blown up by Creeper
[17:02:36] [Netty Epoll Server IO #11/INFO]: <matster1998> umm[m
[17:02:43] [Netty Epoll Server IO #11/INFO]: <matster1998> isn't there supposed to be a social[m
[17:03:10] [Netty Epoll Server IO #13/INFO]: <LittyBoiz> yea i dont see anyone on[m
[17:04:31] [Server thread/INFO]: matster1998 lost connection: Disconnected
[17:04:31] [Server thread/INFO]: matster1998 left the game
[17:07:23] [Server thread/INFO]: LittyBoiz lost connection: Disconnected
[17:07:23] [Server thread/INFO]: LittyBoiz left the game
[17:11:45] [Server thread/WARN]: roelanford moved too quickly! 6.346213182464567,0.043535620147501675,10.95434977750051
[17:17:25] [User Authenticator #13/INFO]: UUID of player kittenlil is 697feef3-8a03-4f83-9226-edfb12fd2237
[17:17:25] [Server thread/INFO]: kittenlil[/73.133.132.224:55819] logged in with entity id 37352 at ([world]-14.5, 69.0, 122.5)
[17:17:58] [Server thread/WARN]: kittenlil moved too quickly! 3.3060187447896787,0.0,-9.528543343472037
[17:22:01] [Server thread/INFO]: kittenlil lost connection: Timed out
[17:22:01] [Server thread/INFO]: kittenlil left the game
[17:22:12] [User Authenticator #14/INFO]: UUID of player kittenlil is 697feef3-8a03-4f83-9226-edfb12fd2237
[17:22:12] [Server thread/INFO]: kittenlil[/73.133.132.224:55839] logged in with entity id 38474 at ([world]40.39062551533857, 63.0, 152.27826939476756)
[17:22:37] [Server thread/INFO]: kittenlil lost connection: Timed out
[17:22:37] [Server thread/INFO]: kittenlil left the game
[17:23:26] [User Authenticator #15/INFO]: UUID of player kittenlil is 697feef3-8a03-4f83-9226-edfb12fd2237
[17:23:26] [Server thread/INFO]: kittenlil[/73.133.132.224:55844] logged in with entity id 38715 at ([world]40.39062551533857, 63.0, 152.27826939476756)
[17:24:20] [Server thread/INFO]: roelanford was slain by Zombie
[17:28:32] [Server thread/INFO]: roelanford was slain by Zombie
[17:31:42] [User Authenticator #16/INFO]: UUID of player matster1998 is 5632c0db-0ac8-472e-8934-5fd5016b1c2c
[17:31:42] [Server thread/INFO]: matster1998[/10.105.186.239:54298] logged in with entity id 41046 at ([world]96.87966778730237, 64.0, 155.35041280223055)
[17:31:59] [Netty Epoll Server IO #3/INFO]: <kittenlil> hi matt[m
[17:32:13] [Netty Epoll Server IO #5/INFO]: <matster1998> hi :)[m
[17:32:17] [Netty Epoll Server IO #3/INFO]: <kittenlil> hows it goin[m
[17:32:31] [Netty Epoll Server IO #5/INFO]: <matster1998> look behind u lol[m
[17:33:10] [Netty Epoll Server IO #3/INFO]: <kittenlil> what do i look like[m
[17:33:20] [Netty Epoll Server IO #5/INFO]: <matster1998> press f5[m
[17:33:49] [Netty Epoll Server IO #3/INFO]: <kittenlil> thank you![m
[17:33:57] [Server thread/INFO]: kittenlil has made the advancement [Acquire Hardware]
[17:34:00] [User Authenticator #17/INFO]: UUID of player LittyBoiz is ccf4470c-2c26-4a99-883a-be674e11053d
[17:34:00] [Server thread/INFO]: LittyBoiz[/96.255.198.177:53538] logged in with entity id 41577 at ([world]171.45318386143367, 63.0, 127.21897516152106)
[17:34:07] [Netty Epoll Server IO #3/INFO]: <kittenlil> so generous[m
[17:34:08] [Netty Epoll Server IO #5/INFO]: <matster1998> you're welcome :)[m
[17:34:10] [Netty Epoll Server IO #3/INFO]: <kittenlil> justice matt![m
[17:34:19] [Netty Epoll Server IO #5/INFO]: <matster1998> the vegan commune welcomes everyone :)[m
[17:34:34] [Netty Epoll Server IO #3/INFO]: <kittenlil> :)))[m
[17:35:10] [Netty Epoll Server IO #3/INFO]: <kittenlil> i'm with eya[m
[17:35:14] [Netty Epoll Server IO #3/INFO]: <kittenlil> she is teaching me to play[m
[17:35:16] [Netty Epoll Server IO #5/INFO]: <matster1998> hi eya <3[m
[17:35:20] [Netty Epoll Server IO #7/INFO]: <LittyBoiz> guys come to voice, lets start this social. no one is joining[m
[17:35:28] [Netty Epoll Server IO #3/INFO]: <kittenlil> ok leggooo i follow you[m
[17:35:34] [Netty Epoll Server IO #5/INFO]: <matster1998> ok[m
[17:36:33] [Netty Epoll Server IO #3/INFO]: <kittenlil> soooo dope[m
[17:38:26] [Netty Epoll Server IO #5/INFO]: <matster1998> i gave you a pickaxe :)[m
[17:38:31] [Netty Epoll Server IO #5/INFO]: <matster1998> you can dig now![m
[17:39:46] [User Authenticator #18/INFO]: UUID of player moss_admirer is ca092025-1234-4ec9-ad22-dfd8841d09ef
[17:39:46] [Server thread/INFO]: moss_admirer[/173.73.196.219:59079] logged in with entity id 43453 at ([world]147.89287360415395, 63.0, 132.75787065933187)
[17:41:10] [Netty Epoll Server IO #9/INFO]: <moss_admirer> hiiii[m
[17:41:15] [Netty Epoll Server IO #7/INFO]: <LittyBoiz> hi new phone who dis[m
[17:41:28] [Netty Epoll Server IO #9/INFO]: <moss_admirer> it's ivy[m
[17:41:37] [Netty Epoll Server IO #5/INFO]: <matster1998> ivy welcome :)[m
[17:41:41] [Netty Epoll Server IO #7/INFO]: <LittyBoiz> hi ivy, this is gaurav[m
[17:41:48] [Netty Epoll Server IO #5/INFO]: <matster1998> feel free to join the vegan commune - Matt[m
[17:41:55] [Netty Epoll Server IO #9/INFO]: <roelanford> hello ivy![m
[17:41:57] [Server thread/INFO]: kittenlil has made the advancement [Suit Up]
[17:42:23] [Netty Epoll Server IO #3/INFO]: <kittenlil> thank you for everything matt![m
[17:42:38] [Netty Epoll Server IO #3/INFO]: <kittenlil> who littyboiz[m
[17:42:54] [Netty Epoll Server IO #7/INFO]: <LittyBoiz> gaurav[m
[17:43:02] [Netty Epoll Server IO #3/INFO]: <kittenlil> ayyy[m
[17:44:02] [Server thread/INFO]: roelanford was blown up by Creeper
[17:44:05] [Netty Epoll Server IO #9/INFO]: <moss_admirer> is there like a server map?[m
[17:45:54] [Server thread/INFO]: moss_admirer issued server command: /msg kittenlil hey bb
[17:46:34] [Server thread/INFO]: roelanford was slain by Zombie
[17:47:14] [Server thread/INFO]: LittyBoiz was shot by Skeleton
[17:47:26] [Netty Epoll Server IO #3/INFO]: <kittenlil> is it nighttime[m
[17:47:53] [Netty Epoll Server IO #3/INFO]: <kittenlil> heard[m
[17:48:06] [User Authenticator #19/INFO]: UUID of player benkoontz000 is 605fc3cd-e450-4406-b1be-c5b452a55abb
[17:48:06] [Server thread/INFO]: benkoontz000[/73.133.132.224:51405] logged in with entity id 47084 at ([world]-126.26257008278826, 84.0, 1453.3757304033666)
[17:48:17] [Netty Epoll Server IO #11/INFO]: <benkoontz000> social time[m
[17:48:22] [Netty Epoll Server IO #11/INFO]: <benkoontz000> Get in the fucking call[m
[17:48:25] [Netty Epoll Server IO #3/INFO]: <kittenlil> where is social[m
[17:48:26] [Netty Epoll Server IO #11/INFO]: <benkoontz000> lf;jahkljahfb;kja lb;lwjarfaw[m
[17:48:28] [Netty Epoll Server IO #11/INFO]: [GriefPrevention] Muted gibberish.
[17:48:28] [Netty Epoll Server IO #11/INFO]: <benkoontz000> jlfkahlkajcnlwejno;ewaihcwouef[m
[17:48:31] [Netty Epoll Server IO #11/INFO]: [GriefPrevention] Muted gibberish.
[17:48:31] [Netty Epoll Server IO #11/INFO]: <benkoontz000> halkfjhpwoicwauliasufhc;awoku[m
[17:48:33] [Netty Epoll Server IO #11/INFO]: [GriefPrevention] Muted too-frequent text.
[17:48:33] [Netty Epoll Server IO #11/INFO]: <benkoontz000> ;[m
[17:48:41] [Netty Epoll Server IO #11/INFO]: [GriefPrevention] Muted gibberish.
[17:48:41] [Netty Epoll Server IO #11/INFO]: <benkoontz000> jf;alijweoicjawoeijc[m
[17:49:11] [User Authenticator #20/INFO]: UUID of player SlorseOverlord is 3fae62ad-e0c5-4877-9400-79c9a6a8b0d3
[17:49:11] [Server thread/INFO]: SlorseOverlord[/69.255.6.46:58087] logged in with entity id 47790 at ([world]17.562137611111183, 63.0, 198.79397062876933)
[17:49:50] [Server thread/INFO]: SlorseOverlord was shot by Skeleton
[17:50:33] [Server thread/INFO]: kittenlil lost connection: Timed out
[17:50:33] [Server thread/INFO]: kittenlil left the game
[17:50:55] [Server thread/INFO]: roelanford was slain by Enderman
[17:51:00] [User Authenticator #21/INFO]: UUID of player kittenlil is 697feef3-8a03-4f83-9226-edfb12fd2237
[17:51:00] [Server thread/INFO]: kittenlil[/73.133.132.224:56047] logged in with entity id 49413 at ([world]120.23885718905359, 72.0, 311.4586459807234)
[17:51:56] [Server thread/INFO]: roelanford lost connection: Disconnected
[17:51:56] [Server thread/INFO]: roelanford left the game
[17:53:59] [Netty Epoll Server IO #5/INFO]: <matster1998> we're collected at the vegan commune at the moment[m
[17:54:56] [Server thread/INFO]: moss_admirer has made the advancement [Suit Up]
[17:57:22] [Server thread/INFO]: LittyBoiz lost connection: Disconnected
[17:57:22] [Server thread/INFO]: LittyBoiz left the game
[17:57:24] [User Authenticator #22/INFO]: UUID of player LittyBoiz is ccf4470c-2c26-4a99-883a-be674e11053d
[17:57:24] [Server thread/INFO]: LittyBoiz[/96.255.198.177:53561] logged in with entity id 52878 at ([world]-1055.3740655150502, 74.0, 794.3535103289393)
[17:57:26] [User Authenticator #23/INFO]: UUID of player thatnerdjack is 29db2775-6a4c-4549-8d35-7081d662008f
[17:57:26] [Server thread/INFO]: thatnerdjack[/68.134.216.48:56925] logged in with entity id 53123 at ([world]525.6543853131739, 70.0, 270.8826854751237)
[17:57:42] [Netty Epoll Server IO #1/INFO]: <thatnerdjack> oh damn lots of people on[m
[18:00:11] [Server thread/INFO]: SlorseOverlord has made the advancement [Fishy Business]
[18:02:27] [Server thread/INFO]: Saving the game (this may take a moment!)
[18:02:27] [Server thread/INFO]: Saved the game
[18:02:32] [Server thread/INFO]: com.mojang.authlib.GameProfile@3e70c4f0[id=<null>,name=1635321,properties={},legacy=false] (/129.2.208.207:50668) lost connection: Disconnected
[18:03:11] [User Authenticator #24/INFO]: UUID of player 1635321 is a7446cd0-e634-48d4-b0c8-5754a2300877
[18:03:11] [Server thread/INFO]: 1635321[/129.2.208.207:50696] logged in with entity id 55479 at ([world]-106.27044361293497, 72.0, 259.6622469944012)
[18:03:33] [Netty Epoll Server IO #13/INFO]: <SlorseOverlord> brb[m
[18:04:35] [Server thread/INFO]: moss_admirer has made the advancement [We Need to Go Deeper]
[18:04:45] [Server thread/INFO]: kittenlil has made the advancement [We Need to Go Deeper]
[18:06:56] [Server thread/INFO]: 1635321 issued server command: /gamemode s
[18:06:59] [Server thread/INFO]: 1635321 issued server command: /gamemode survival
[18:06:59] [Server thread/INFO]: [1635321: Set own game mode to Survival Mode]
[18:07:25] [Server thread/INFO]: benkoontz000 fell from a high place
[18:07:37] [Server thread/INFO]: matster1998 lost connection: Disconnected
[18:07:37] [Server thread/INFO]: matster1998 left the game
[18:07:38] [Server thread/INFO]: com.mojang.authlib.GameProfile@65aac9ae[id=<null>,name=matster1998,properties={},legacy=false] (/10.105.186.239:54344) lost connection: Disconnected
[18:08:04] [User Authenticator #25/INFO]: UUID of player matster1998 is 5632c0db-0ac8-472e-8934-5fd5016b1c2c
[18:08:04] [Server thread/INFO]: matster1998[/10.105.186.239:54410] logged in with entity id 57445 at ([world]-734.4426509702548, 95.0, 791.1176315140473)
[18:09:47] [Server thread/INFO]: kittenlil has made the advancement [Sweet Dreams]
[18:10:07] [Server thread/ERROR]: POI data mismatch: never registered at BlockPosition{x=-738, y=103, z=803}
[18:10:11] [Server thread/INFO]: [GriefPrevention] benkoontz000 placed suspicious WATER_BUCKET @ world: x-735, z796
[18:10:11] [Server thread/ERROR]: POI data mismatch: never registered at BlockPosition{x=-732, y=103, z=793}
[18:10:22] [Server thread/INFO]: moss_admirer has made the advancement [Sweet Dreams]
[18:11:28] [Server thread/INFO]: LittyBoiz fell from a high place
[18:11:33] [Server thread/INFO]: 1635321 issued server command: /give @p minecraft:cobblestone 1
[18:11:33] [Server thread/INFO]: [1635321: Gave 1 [Cobblestone] to 1635321]
[18:14:51] [Server thread/INFO]: benkoontz000 has made the advancement [Local Brewery]
[18:15:11] [Server thread/INFO]: [GriefPrevention] benkoontz000 placed suspicious WATER_BUCKET @ world: x-732, z793
[18:15:21] [Server thread/INFO]: 1635321 issued server command: /gamemode creative
[18:15:21] [Server thread/INFO]: [1635321: Set own game mode to Creative Mode]
[18:16:52] [Server thread/INFO]: kittenlil has made the advancement [Stone Age]
[18:16:55] [Server thread/INFO]: [GriefPrevention] benkoontz000 placed suspicious WATER_BUCKET @ world: x-732, z793
[18:17:44] [Server thread/INFO]: 1635321 issued server command: /gamemode survival
[18:17:44] [Server thread/INFO]: [1635321: Set own game mode to Survival Mode]
[18:18:20] [Server thread/INFO]: 1635321 issued server command: /give 1635321 golden_boots{Enchantments:[{id:"feather_falling",lvl:4},{id:protection,lvl:4},{id:thorns,lvl:3}]} 1
[18:18:20] [Server thread/INFO]: [1635321: Gave 1 [Golden Boots] to 1635321]
[18:18:35] [Server thread/INFO]: LittyBoiz was shot by 1635321
[18:18:40] [Netty Epoll Server IO #0/INFO]: <LittyBoiz> rip[m
[18:18:46] [Netty Epoll Server IO #5/INFO]: <1635321> You started it[m
[18:18:50] [Netty Epoll Server IO #9/INFO]: <matster1998> sir[m
[18:18:51] [Netty Epoll Server IO #0/INFO]: <LittyBoiz> i wasdeliering arrows[m
[18:18:58] [Netty Epoll Server IO #5/INFO]: <1635321> Oh[m
[18:18:59] [Netty Epoll Server IO #0/INFO]: <LittyBoiz> not one hit u[m
[18:20:15] [User Authenticator #26/INFO]: UUID of player roelanford is 70cecc02-8c9a-4640-be0a-08f1badddd3d
[18:20:15] [Server thread/INFO]: roelanford[/216.164.58.29:51486] logged in with entity id 60379 at ([world]403.5538037940476, 66.0, 197.59932596198968)
[18:20:19] [Netty Epoll Server IO #5/INFO]: <1635321> Heyyyyy[m
[18:20:23] [Netty Epoll Server IO #10/INFO]: <roelanford> hello[m
[18:20:29] [Netty Epoll Server IO #11/INFO]: <benkoontz000> hey gurla[m
[18:20:36] [Netty Epoll Server IO #11/INFO]: <benkoontz000> join call or else[m
[18:20:37] [Netty Epoll Server IO #9/INFO]: <moss_admirer> hi roe![m
[18:20:42] [Netty Epoll Server IO #10/INFO]: <roelanford> hello ben hello ivy[m
[18:21:19] [Server thread/INFO]: 1635321 issued server command: /gamemode creative
[18:21:19] [Server thread/INFO]: [1635321: Set own game mode to Creative Mode]
[18:21:27] [Server thread/INFO]: benkoontz000 fell from a high place
[18:21:33] [Server thread/INFO]: moss_admirer has made the advancement [Local Brewery]
[18:21:36] [Server thread/INFO]: 1635321 issued server command: /gamemode survival
[18:21:36] [Server thread/INFO]: [1635321: Set own game mode to Survival Mode]
[18:22:23] [Server thread/INFO]: kittenlil fell from a high place
[18:23:23] [Server thread/ERROR]: POI data mismatch: never registered at BlockPosition{x=-732, y=103, z=806}
[18:24:44] [Netty Epoll Server IO #11/INFO]: <benkoontz000> everyone bring a bed, blocks, and a sword[m
[18:25:03] [Server thread/INFO]: moss_admirer has made the advancement [Not Today, Thank You]
[18:25:37] [Server thread/INFO]: SlorseOverlord has made the advancement [Enchanter]
[18:26:42] [Server thread/INFO]: 1635321 issued server command: /give 1635321 crossbow{Enchantments:[{id:multishot,lvl:1},{id:piercing,lvl:4},{id:"quick_charge",lvl:3}]} 1
[18:26:42] [Server thread/INFO]: [1635321: Gave 1 [Crossbow] to 1635321]
[18:26:46] [Server thread/INFO]: 1635321 has made the advancement [Ol' Betsy]
[18:27:19] [Server thread/INFO]: 1635321 issued server command: /give 1635321 crossbow{Enchantments:[{id:infinity,lvl:1},{id:multishot,lvl:1},{id:piercing,lvl:4},{id:"quick_charge",lvl:3}]} 1
[18:27:19] [Server thread/INFO]: [1635321: Gave 1 [Crossbow] to 1635321]
[18:27:32] [Server thread/INFO]: 1635321 issued server command: /give @p minecraft:arrow 64
[18:27:32] [Server thread/INFO]: [1635321: Gave 64 [Arrow] to 1635321]
[18:27:35] [Server thread/INFO]: 1635321 issued server command: /give @p minecraft:arrow 64
[18:27:35] [Server thread/INFO]: [1635321: Gave 64 [Arrow] to 1635321]
[18:27:36] [Server thread/INFO]: 1635321 issued server command: /give @p minecraft:arrow 64
[18:27:36] [Server thread/INFO]: [1635321: Gave 64 [Arrow] to 1635321]
[18:27:37] [Server thread/INFO]: 1635321 issued server command: /give @p minecraft:arrow 64
[18:27:37] [Server thread/INFO]: [1635321: Gave 64 [Arrow] to 1635321]
[18:28:06] [Server thread/INFO]: 1635321 issued server command: /give @p minecraft:cobblestone 63
[18:28:06] [Server thread/INFO]: [1635321: Gave 63 [Cobblestone] to 1635321]
[18:28:26] [Server thread/INFO]: 1635321 issued server command: /give @p minecraft:golden_apple 3
[18:28:26] [Server thread/INFO]: [1635321: Gave 3 [Golden Apple] to 1635321]
[18:30:03] [Server thread/INFO]: 1635321 issued server command: /give 1635321 crossbow{Enchantments:[{id:infinity,lvl:1},{id:multishot,lvl:1},{id:piercing,lvl:4},{id:"quick_charge",lvl:3}]} 1
[18:30:03] [Server thread/INFO]: [1635321: Gave 1 [Crossbow] to 1635321]
[18:30:10] [Server thread/INFO]: 1635321 issued server command: /give 1635321 crossbow{Enchantments:[{id:infinity,lvl:1},{id:multishot,lvl:1},{id:piercing,lvl:4},{id:"quick_charge",lvl:3}]} 1
[18:30:10] [Server thread/INFO]: [1635321: Gave 1 [Crossbow] to 1635321]
[18:30:20] [Server thread/INFO]: thatnerdjack has made the advancement [Local Brewery]
[18:31:24] [User Authenticator #27/INFO]: UUID of player Jackamonga is 1fd923ff-6086-4fca-b8bc-3feab3ed9730
[18:31:24] [Server thread/INFO]: Jackamonga[/10.104.149.178:56991] logged in with entity id 64447 at ([world]31.1873470369151, 69.5625, -925.687551785496)
[18:31:56] [Server thread/INFO]: 1635321 was burnt to a crisp whilst fighting benkoontz000
[18:32:04] [Server thread/INFO]: 1635321 issued server command: /gamemode creative
[18:32:04] [Server thread/INFO]: [1635321: Set own game mode to Creative Mode]
[18:32:57] [Server thread/INFO]: 1635321 issued server command: /gamemode survival
[18:32:57] [Server thread/INFO]: [1635321: Set own game mode to Survival Mode]
[18:33:07] [Server thread/INFO]: LittyBoiz fell from a high place
[18:33:08] [Server thread/INFO]: 1635321 issued server command: /gamemode creative
[18:33:08] [Server thread/INFO]: [1635321: Set own game mode to Creative Mode]
[18:33:44] [Server thread/INFO]: 1635321 issued server command: /gamemode survival
[18:33:44] [Server thread/INFO]: [1635321: Set own game mode to Survival Mode]
[18:34:14] [Server thread/INFO]: 1635321 issued server command: /gamemode creative
[18:34:14] [Server thread/INFO]: [1635321: Set own game mode to Creative Mode]
[18:34:54] [Server thread/INFO]: [GriefPrevention] benkoontz000 placed suspicious WATER_BUCKET @ world: x-741, z917
[18:34:57] [Server thread/INFO]: [GriefPrevention] benkoontz000 placed suspicious WATER_BUCKET @ world: x-741, z917
[18:34:58] [Server thread/INFO]: [GriefPrevention] benkoontz000 placed suspicious WATER_BUCKET @ world: x-741, z917
[18:35:13] [Server thread/INFO]: [GriefPrevention] benkoontz000 placed suspicious WATER_BUCKET @ world: x-733, z891
[18:35:40] [Server thread/INFO]: 1635321 issued server command: /gamemode survival
[18:35:40] [Server thread/INFO]: [1635321: Set own game mode to Survival Mode]
[18:35:52] [Server thread/INFO]: matster1998 issued server command: /w Jackamonga hi are you close to spawn
[18:36:05] [Server thread/INFO]: 1635321 was burnt to a crisp whilst fighting benkoontz000
[18:36:13] [Server thread/INFO]: 1635321 issued server command: /gamemode creative
[18:36:13] [Server thread/INFO]: [1635321: Set own game mode to Creative Mode]
[18:37:20] [Server thread/INFO]: 1635321 issued server command: /gamemode survival
[18:37:20] [Server thread/INFO]: [1635321: Set own game mode to Survival Mode]
[18:37:31] [Server thread/WARN]: Jackamonga moved wrongly!
[18:38:06] [Server thread/WARN]: SlorseOverlord moved too quickly! -2.9377683464896336,0.0,19.631882568788342
[18:38:10] [Server thread/INFO]: Jackamonga has made the advancement [We Need to Go Deeper]
[18:38:44] [Server thread/INFO]: roelanford fell from a high place
[18:43:35] [Netty Epoll Server IO #9/INFO]: <matster1998> -110[m
[18:43:41] [Netty Epoll Server IO #9/INFO]: <matster1998> 1154[m
[18:43:45] [Netty Epoll Server IO #13/INFO]: <SlorseOverlord> -91 1564[m
[18:44:11] [Server thread/INFO]: Jackamonga was burnt to a crisp whilst fighting benkoontz000
[18:44:39] [Server thread/INFO]: 1635321 issued server command: /tp Jackamonga 1635321
[18:44:39] [Server thread/INFO]: [1635321: Teleported Jackamonga to 1635321]
[18:45:01] [Server thread/INFO]: moss_admirer was shot by Skeleton
[18:45:08] [Server thread/INFO]: kittenlil was shot by Skeleton
[18:45:44] [Server thread/INFO]: 1635321 issued server command: /tp kittenlil 1635321
[18:45:44] [Server thread/INFO]: [1635321: Teleported kittenlil to 1635321]
[18:45:44] [Server thread/WARN]: kittenlil moved too quickly! 316.5612611415207,4.0,1616.836965881234
[18:45:50] [Server thread/INFO]: 1635321 issued server command: /tp moss_admirer 1635321
[18:45:50] [Server thread/INFO]: [1635321: Teleported moss_admirer to 1635321]
[18:46:16] [Server thread/INFO]: Jackamonga was burnt to a crisp whilst fighting benkoontz000
[18:46:34] [Server thread/WARN]: moss_admirer moved wrongly!
[18:46:47] [Server thread/INFO]: Jackamonga issued server command: /w 1635321 ben killed me UwU
[18:46:57] [Server thread/INFO]: 1635321 issued server command: /tp Jackamonga 1635321
[18:46:57] [Server thread/INFO]: [1635321: Teleported Jackamonga to 1635321]
[18:47:10] [Server thread/INFO]: 1635321 issued server command: /gamemode creative
[18:47:10] [Server thread/INFO]: [1635321: Set own game mode to Creative Mode]
[18:47:10] [User Authenticator #28/INFO]: UUID of player RoidBlankfein is 34ce3b0d-7a9b-4981-b4d6-edd30235e602
[18:47:10] [Server thread/INFO]: RoidBlankfein[/100.15.141.202:49675] logged in with entity id 73784 at ([world]-8.5, 76.0, 132.5)
[18:47:14] [Netty Epoll Server IO #9/INFO]: <matster1998> welcome :)[m
[18:47:17] [Server thread/INFO]: kittenlil was shot by benkoontz000 using [Thinking Emoji]
[18:47:56] [Server thread/INFO]: Jackamonga issued server command: /w benkoontz000 I'll remember this motherfucker
[18:48:05] [Server thread/INFO]: moss_admirer was blown up by Creeper
[18:48:08] [Server thread/INFO]: RoidBlankfein was slain by Zombie
[18:48:09] [Server thread/INFO]: Jackamonga issued server command: /w 1635321 oWo ??
[18:48:28] [Server thread/INFO]: 1635321 issued server command: /tp benkoontz000 1635321
[18:48:28] [Server thread/INFO]: [1635321: Teleported benkoontz000 to 1635321]
[18:48:30] [Server thread/INFO]: benkoontz000 fell from a high place
[18:48:42] [Server thread/INFO]: 1635321 issued server command: /tp benkoontz000 1635321
[18:48:42] [Server thread/INFO]: [1635321: Teleported benkoontz000 to 1635321]
[18:48:42] [Server thread/WARN]: benkoontz000 moved too quickly! 360.042268829299,55.0,1806.5758246950675
[18:48:46] [Server thread/INFO]: [GriefPrevention] benkoontz000 placed suspicious WATER_BUCKET @ world: x344, z1934
[18:48:49] [Server thread/INFO]: 1635321 issued server command: /gamemode survival
[18:48:49] [Server thread/INFO]: [1635321: Set own game mode to Survival Mode]
[18:48:52] [Server thread/INFO]: 1635321 was shot by benkoontz000 using [Thinking Emoji]
[18:49:01] [Server thread/INFO]: 1635321 issued server command: /tp 1635321 benkoontz000
[18:49:01] [Server thread/INFO]: [1635321: Teleported 1635321 to benkoontz000]
[18:49:01] [Server thread/WARN]: 1635321 moved too quickly! 457.6038145636728,-0.9755761117863102,1678.9679909762046
[18:49:19] [Server thread/INFO]: 1635321 issued server command: /tp 1635321 roelanford
[18:49:19] [Server thread/INFO]: [1635321: Teleported 1635321 to roelanford]
[18:49:40] [Server thread/INFO]: 1635321 issued server command: /tp 1635321 benkoontz000
[18:49:40] [Server thread/INFO]: [1635321: Teleported 1635321 to benkoontz000]
[18:49:40] [Server thread/WARN]: 1635321 moved too quickly! 469.14268684379846,-10.390625058886897,1876.7461290257233
[18:50:02] [Server thread/INFO]: thatnerdjack has made the advancement [Eye Spy]
[18:50:24] [Server thread/INFO]: SlorseOverlord has made the advancement [Eye Spy]
[18:50:31] [Server thread/INFO]: LittyBoiz has made the advancement [Eye Spy]
[18:50:35] [Server thread/INFO]: matster1998 has made the advancement [Eye Spy]
[18:50:40] [Server thread/INFO]: moss_admirer lost connection: Disconnected
[18:50:40] [Server thread/INFO]: moss_admirer left the game
[18:50:52] [Server thread/INFO]: kittenlil was burnt to a crisp whilst fighting Zombie
[18:51:09] [Netty Epoll Server IO #11/INFO]: <benkoontz000> \[m
[18:51:26] [Netty Epoll Server IO #11/INFO]: <benkoontz000> x725,z2300[m
