04:47 matster1998   :  placed a sign @ world: x70, z170
  Vegan Commune:
  This land is 
  OUR
  land.
05:06 LittyBoiz placed suspicious WATER_BUCKET @ world: x216, z316
09:49 LittyBoiz placed suspicious WATER_BUCKET @ world: x-116, z896
09:53 LittyBoiz placed suspicious WATER_BUCKET @ world: x-405, z530
14:25 benkoontz000: :wave:
14:26 benkoontz000 placed suspicious WATER_BUCKET @ world: x-735, z778
14:41 benkoontz000: hai
14:41 thatnerdjack: hey!
14:42 thatnerdjack: i'm gna try and get my mic set up so i can actually talk in discord lol
14:42 benkoontz000: POG
14:51 benkoontz000: sleep?
14:51 thatnerdjack: 1 sec
14:51 thatnerdjack: ok waitin
14:53 benkoontz000: brb
14:53 thatnerdjack: kk
14:55 thatnerdjack: wb
15:02 benkoontz000: sleep?
15:03 thatnerdjack: i'm not near a bed :(
15:03 benkoontz000: can u log off real quick?
15:04 thatnerdjack: howdy
15:04 Jackamonga  : yo this place is lit af frfr
15:14 benkoontz000: SLEEP OR LOG OUT
15:14 benkoontz000: im in bed
15:23 thatnerdjack: oof
15:25 thatnerdjack: time to disconnect?
15:41 benkoontz000: rip
15:52 benkoontz000: rrrrrrrrrrrrrrrrrrrrrrrrrrrrrrrrrrrrr
15:52 benkoontz000: log out or sleep
