00:09 roelanford placed suspicious WATER_BUCKET @ world: x-157, z86
00:13 roelanford placed suspicious WATER_BUCKET @ world: x-159, z82
00:14 roelanford placed suspicious WATER_BUCKET @ world: x-156, z86
00:30 matster1998   : how do i claim stuff
00:31 matster1998   : nvm
00:31 SlorseOverlord: did you figure it out> how do you do it?
00:32 matster1998   : yes
00:32 matster1998   : you use a command to abandon your current claim
00:32 matster1998   : then set a chest down
00:33 matster1998   : the command is /abandonclaim
00:34 SlorseOverlord: how do you set a claim
00:34 matster1998   : place a chest
00:34 SlorseOverlord: can you expand that claim?
00:34 matster1998   : one sec
00:34 SlorseOverlord: ye
00:39 matster1998   : use the youtube video i put in discord
00:39 SlorseOverlord: thx
15:27 thatnerdjack  : howdy
15:27 roelanford    : ELLO
15:27 roelanford    : oops
15:27 roelanford    : hello
15:28 thatnerdjack  : how's it goin
15:28 roelanford    : decently, you?
15:28 thatnerdjack  : i'm alright
15:28 thatnerdjack  : just moved off-campus lol
15:28 roelanford    : ooof yeah
15:45 thatnerdjack  : is it daytime yet?
15:45 1635321       : Almost yeah
15:47 thatnerdjack placed suspicious WATER_BUCKET @ world: x596, z319
15:48 thatnerdjack placed suspicious WATER_BUCKET @ world: x603, z320
15:49 thatnerdjack placed suspicious WATER_BUCKET @ world: x596, z314
15:49 thatnerdjack placed suspicious WATER_BUCKET @ world: x596, z315
15:49 thatnerdjack placed suspicious WATER_BUCKET @ world: x596, z312
15:49 thatnerdjack placed suspicious WATER_BUCKET @ world: x596, z305
15:50 thatnerdjack placed suspicious WATER_BUCKET @ world: x596, z324
15:50 thatnerdjack placed suspicious WATER_BUCKET @ world: x596, z327
15:50 thatnerdjack placed suspicious WATER_BUCKET @ world: x596, z334
15:51 thatnerdjack placed suspicious WATER_BUCKET @ world: x603, z326
15:52 thatnerdjack placed suspicious WATER_BUCKET @ world: x603, z333
15:53 thatnerdjack placed suspicious WATER_BUCKET @ world: x618, z319
15:53 thatnerdjack placed suspicious WATER_BUCKET @ world: x610, z312
15:53 thatnerdjack placed suspicious WATER_BUCKET @ world: x610, z327
15:54 thatnerdjack placed suspicious WATER_BUCKET @ world: x603, z331
15:54 thatnerdjack placed suspicious WATER_BUCKET @ world: x603, z324
15:54 thatnerdjack placed suspicious WATER_BUCKET @ world: x603, z308
15:54 thatnerdjack placed suspicious WATER_BUCKET @ world: x603, z312
15:55 thatnerdjack placed suspicious WATER_BUCKET @ world: x603, z305
15:55 thatnerdjack placed suspicious WATER_BUCKET @ world: x603, z315
15:55 thatnerdjack placed suspicious WATER_BUCKET @ world: x610, z305
15:56 thatnerdjack placed suspicious WATER_BUCKET @ world: x610, z334
15:57 thatnerdjack placed suspicious WATER_BUCKET @ world: x618, z315
15:57 thatnerdjack placed suspicious WATER_BUCKET @ world: x618, z324
15:58 thatnerdjack placed suspicious WATER_BUCKET @ world: x618, z326
15:59 thatnerdjack placed suspicious WATER_BUCKET @ world: x625, z334
16:08 thatnerdjack placed suspicious WATER_BUCKET @ world: x618, z312
16:09 thatnerdjack placed suspicious WATER_BUCKET @ world: x615, z334
16:09 thatnerdjack placed suspicious WATER_BUCKET @ world: x617, z334
16:09 thatnerdjack placed suspicious WATER_BUCKET @ world: x625, z305
16:09 thatnerdjack placed suspicious WATER_BUCKET @ world: x618, z308
16:10 thatnerdjack placed suspicious WATER_BUCKET @ world: x617, z305
16:10 thatnerdjack placed suspicious WATER_BUCKET @ world: x613, z305
16:10 thatnerdjack placed suspicious WATER_BUCKET @ world: x618, z305
16:11 thatnerdjack placed suspicious WATER_BUCKET @ world: x625, z327
16:11 thatnerdjack placed suspicious WATER_BUCKET @ world: x625, z324
16:12 thatnerdjack placed suspicious WATER_BUCKET @ world: x625, z320
16:12 thatnerdjack placed suspicious WATER_BUCKET @ world: x625, z315
16:12 thatnerdjack placed suspicious WATER_BUCKET @ world: x625, z312
