00:10 Jackamonga  : we sleep or are we not about that life
00:10 roelanford  : idc i can sleep
00:11 thatnerdjack: i'm near a bed as well
00:11 thatnerdjack: just lmk
00:12 Jackamonga  : I'm down to sleep if its not a burden
00:12 roelanford  : sure
00:12 thatnerdjack: waitin in bed lol
00:13 Jackamonga  : good job team :)
00:13 thatnerdjack: woo
00:13 roelanford  : lmao
00:13 Jackamonga  : bruhhh this skeleton actually just 360 no scoped me
00:50 Jackamonga  : you get some sleep?
00:50 LittyBoiz   : yup just woke up
00:50 Jackamonga  : haha trueee
00:51 LittyBoiz   : has matt been on?
00:51 thatnerdjack: nope
01:03 Jackamonga  : peace guys
01:55 LittyBoiz   :  placed a sign @ world: x10, z226
  site of future
  arena&coliseum
01:55 LittyBoiz   :  placed a sign @ world: x10, z225
  currently a 
  bamboo farm,
  feel free to 
  harvest
01:56 LittyBoiz   :  placed a sign @ world: x10, z224
  pls donate materil
  needeD:
  wood, stone, 
  quartz, diamonds
11:18 thatnerdjack placed suspicious WATER_BUCKET @ world: x596, z334
11:19 thatnerdjack placed suspicious WATER_BUCKET @ world: x625, z334
11:19 thatnerdjack placed suspicious WATER_BUCKET @ world: x615, z334
11:19 thatnerdjack placed suspicious WATER_BUCKET @ world: x606, z334
11:22 thatnerdjack placed suspicious WATER_BUCKET @ world: x618, z334
11:22 thatnerdjack placed suspicious WATER_BUCKET @ world: x610, z334
11:22 thatnerdjack placed suspicious WATER_BUCKET @ world: x603, z334
11:26 thatnerdjack placed suspicious WATER_BUCKET @ world: x625, z324
11:26 thatnerdjack placed suspicious WATER_BUCKET @ world: x625, z319
11:26 thatnerdjack placed suspicious WATER_BUCKET @ world: x625, z305
11:26 thatnerdjack placed suspicious WATER_BUCKET @ world: x625, z315
11:27 thatnerdjack placed suspicious WATER_BUCKET @ world: x625, z313
11:27 thatnerdjack placed suspicious WATER_BUCKET @ world: x617, z305
11:27 thatnerdjack placed suspicious WATER_BUCKET @ world: x615, z305
11:28 thatnerdjack placed suspicious WATER_BUCKET @ world: x611, z305
11:28 thatnerdjack: howdy
11:28 LittyBoiz   : suppp
11:32 thatnerdjack placed suspicious WATER_BUCKET @ world: x596, z327
11:33 LittyBoiz   : whatre u upto
11:33 thatnerdjack: putting another tier on this mob farm
11:33 thatnerdjack: i'm gna start trying to dig a canal toward spawn in a bit tho
11:33 thatnerdjack placed suspicious WATER_BUCKET @ world: x618, z319
11:34 thatnerdjack: hbu
11:34 LittyBoiz   : i planted bamboo, just harvesting that rn
11:35 thatnerdjack: oh nice
11:35 thatnerdjack: i planted a bunch and i have no use for it lol
11:35 LittyBoiz   : it's good fuel
11:35 LittyBoiz   : easier than coal i find
11:35 thatnerdjack placed suspicious WATER_BUCKET @ world: x603, z327
11:36 thatnerdjack placed suspicious WATER_BUCKET @ world: x596, z324
11:36 thatnerdjack placed suspicious WATER_BUCKET @ world: x596, z320
11:36 thatnerdjack placed suspicious WATER_BUCKET @ world: x603, z320
11:37 thatnerdjack placed suspicious WATER_BUCKET @ world: x603, z327
11:39 thatnerdjack placed suspicious WATER_BUCKET @ world: x596, z305
11:39 thatnerdjack placed suspicious WATER_BUCKET @ world: x604, z305
11:40 thatnerdjack placed suspicious WATER_BUCKET @ world: x596, z312
11:40 thatnerdjack placed suspicious WATER_BUCKET @ world: x603, z312
11:42 LittyBoiz   : r u able to sleep?
11:42 thatnerdjack: yep
11:42 thatnerdjack placed suspicious WATER_BUCKET @ world: x596, z315
11:43 LittyBoiz   : bet
11:43 LittyBoiz   : slept
11:44 thatnerdjack: sorry that took a sec
11:44 thatnerdjack: i had to run back
11:44 LittyBoiz   : np
11:48 LittyBoiz   : yhhh
11:48 1635321     : wazzzap
11:48 thatnerdjack: howdy
11:50 LittyBoiz   : chase would u like to trade a stack of wheat for some cows?
11:50 1635321     : I can give you some wheat but I don't really need cows
11:50 LittyBoiz   : no the other way around
11:51 1635321     : Oh uh not really
11:51 1635321     : I can probably give you a few
11:56 thatnerdjack: i have a bunch of stacks of the varying stone types if y'all wanted to start on that thing near spawn
11:57 LittyBoiz   : im down, not rn tho
12:00 thatnerdjack: sleep?
12:00 LittyBoiz   : i am in nether
12:00 LittyBoiz   : did night end
12:00 thatnerdjack: oh gotcha
12:00 thatnerdjack: yeah
12:12 LittyBoiz   : i hate this game
12:13 thatnerdjack: what happened?
12:13 LittyBoiz   : creeper bloew me off the edge in a cave
12:13 thatnerdjack: f
12:16 thatnerdjack:  placed a sign @ world: x518, z279
  Ground Blocks
  <----
  Farm & Food
  ---->
12:17 thatnerdjack:  placed a sign @ world: x518, z271
  Mob Drops
  <----
  Tools
  ---->
12:18 thatnerdjack:  placed a sign @ world: x522, z279
  Valuables
  ^^^^^
  Raw Ores
  vvvvv
12:31 thatnerdjack:  placed a sign @ world: x514, z279
  Dyes
  vvv
12:31 thatnerdjack:  placed a sign @ world: x514, z279
  ^^^^^
  Building Material
  Dyes
  vvvvv
12:38 LittyBoiz   : rip
12:38 LittyBoiz   : also lmk if u want to sleep, i can log
12:44 thatnerdjack: f
12:45 LittyBoiz   : big f
12:51 LittyBoiz   : sleep?
12:51 thatnerdjack: yep
12:51 LittyBoiz   : i am asleep
13:02 thatnerdjack: f
13:02 LittyBoiz   : i think that's it for me today
13:02 LittyBoiz   : cya
13:13 thatnerdjack: sup
13:13 benkoontz000: hey babycakes
13:24 benkoontz000: rip
13:24 thatnerdjack: ty
13:24 benkoontz000: I get the bow achievement right after you get shot lmao
13:26 thatnerdjack: im gna go make food
13:26 thatnerdjack: i'll be back in a bit
13:26 benkoontz000: kk
13:34 thatnerdjack: hey
13:34 benkoontz000: hai
13:35 thatnerdjack: what're you up to
13:35 benkoontz000: mining
13:35 benkoontz000: crafting
13:35 benkoontz000: hbu?
13:35 thatnerdjack: about the same
13:41 thatnerdjack: fuck
13:41 benkoontz000: rip
13:43 thatnerdjack: :0
13:43 thatnerdjack: :O
13:43 thatnerdjack: dumb font
13:43 benkoontz000: :)
14:00 benkoontz000: the moon is lovely tonight
14:05 thatnerdjack: noice
14:05 benkoontz000: POG
14:05 benkoontz000: it played a sick sound lol
14:06 thatnerdjack: do you have any cactus?
14:06 benkoontz000: nope
14:10 thatnerdjack: alrighty i g2g
14:10 thatnerdjack: cya
14:10 benkoontz000: peace
23:04 Masudowoodo : top of the morning to ya
23:05 Jackamonga  : wazzap
23:12 Jackamonga  : bruhh lol
23:12 Masudowoodo : lmaoooo whats happening
23:12 Jackamonga  : I'm in an abandoned mineshaft and I keep having creepers sneak up on me
23:13 Masudowoodo : the one near spawn?
23:13 Jackamonga  : nah, I ran left of spawn
23:14 Masudowoodo : oh shoot theres a whole nother one
23:14 Masudowoodo : here ill come through in a bit lemme finish up this base
23:14 Jackamonga  : are you by spawn?
23:14 Masudowoodo : yeah im on a mountain top near spawn
23:14 Jackamonga  : I honestly don't really know where I ended up lmaoo
23:15 Masudowoodo : next to the swamp
23:15 Masudowoodo : lmfaoooo
23:15 Jackamonga  : oh true
23:15 Masudowoodo : theres a whole creeper and enderman next to the swamp
23:15 Masudowoodo : not burning
23:15 Masudowoodo : wild how do i get down
23:15 Jackamonga  : lmao do you have a sword?
23:15 Jackamonga  : I think only zombies and skeletons burn in the day
23:15 Masudowoodo : yeah its all wooden i actually havent started mining yet lmao
23:16 Masudowoodo : just been building this base
23:16 Jackamonga  : true true
23:16 Jackamonga  : have you played before
23:16 Masudowoodo : yeah but i started during corona break
23:16 Masudowoodo : so i know only a lil
23:17 Jackamonga  : oh okay. There's a bit of a learning curve, but you learn a lot by just playing
23:17 Jackamonga  : its fun to learn the stuff for the first time though
23:17 Masudowoodo : oh ok thats good then
23:20 Masudowoodo : ok bet im done with the base
23:20 Masudowoodo : time to go find you
23:20 Jackamonga  : I basically just ran left from spawn for like 5-10 minutes
23:20 Jackamonga  : you don't have to run out here if you don't want though
23:20 Masudowoodo : naw itll be fun
23:21 Masudowoodo : left facing what direction
23:21 Jackamonga  : where you respawn, just turn left from the village
23:22 Masudowoodo : what biomes would i pass
23:22 Jackamonga  : I think there's like a forest
23:23 Jackamonga  : I don't think anyone built anything over there
23:23 Masudowoodo : should i see lava
23:23 Jackamonga  : uhhhh thats a good question lol
23:23 Jackamonga  : I don't think so?
23:23 Masudowoodo : lmaoooo
23:23 Masudowoodo : ok bet
23:23 Masudowoodo : did you passs a battle arena
23:24 Jackamonga  : yeah I think they were building it in the village, right?
23:24 Masudowoodo : yeah just passed it
23:24 Jackamonga  : yeah it should just be due left of there
23:24 Masudowoodo : i think i see it
23:24 Masudowoodo : next to some water
23:25 Masudowoodo : a lone torch
23:25 Jackamonga  : maybe
23:25 Masudowoodo : lmaooooo
23:25 Jackamonga  : I'll try to come up to the surface real quick
23:26 Masudowoodo : oh no
23:26 Jackamonga  : lol I was doing that to get up faster
23:26 Masudowoodo : oh ok lmaoooo
23:26 Masudowoodo : im just in the mine rn
23:26 Masudowoodo : digging out some iron
23:26 Masudowoodo : someones already been here though
23:27 Jackamonga  : oh shit I forgot about f3
23:27 Masudowoodo : oh coordinates
23:27 Masudowoodo : lmaoooo
23:28 Jackamonga  : yeaaaah lmaoo
23:28 Jackamonga  : what's yours say
23:28 Masudowoodo : 29
23:28 Masudowoodo : 69
23:28 Jackamonga  : x 29 z 69?
23:29 Masudowoodo : xyz
23:29 Masudowoodo : 29, 69, 397
23:31 Masudowoodo : jsut chilling here till daylight
23:32 Masudowoodo : never mind
23:32 Masudowoodo : im going to die
23:32 Jackamonga  : LMFAO
23:32 Jackamonga  : I like that you just accepted it
23:32 Masudowoodo : lmaooo i accidently stepped in lava
23:32 Masudowoodo : nothing much i could do
23:32 Jackamonga  : true. You keep your inventory at least
23:32 Masudowoodo : are you back at the mine shaft
23:32 Masudowoodo : yeah thats good
23:33 Jackamonga  : bro I don't know where the fuck I am right now lol
23:33 Masudowoodo : lmaoooooo
23:33 Masudowoodo : what do you see
23:33 Jackamonga  : a shit ton of trees lol
23:34 Jackamonga  : ayyy nice
23:34 Masudowoodo : oh you lose your inventory in the neather lmao
23:34 Jackamonga  : yeah that's what i've heard
23:46 Masudowoodo : i just got spooked lord
23:47 Jackamonga  : lmao what happened
23:47 Masudowoodo : i was in a mine and i couldnt find anything
23:47 Masudowoodo : and i turn around
23:47 Masudowoodo : suddenly 3 skeles in front of my face
