01:09 LittyBoiz   : :eyes:
13:04 LittyBoiz   : yaaaa
13:26 benkoontz000: ya
13:27 LittyBoiz   : whashappen
13:27 LittyBoiz   : in
13:27 benkoontz000: not much
13:27 benkoontz000: hbu?
13:28 LittyBoiz   : nm woke up like an hr ago, bc we went ham ont hat call yesterday
13:28 benkoontz000: yeah it was great
13:28 LittyBoiz   : up til 4 :o
13:28 LittyBoiz   : the afterparty was littttt
13:58 LittyBoiz   : wyd papi
13:58 benkoontz000: fishing
17:31 1635321     : Hi
17:32 roelanford  : oh hey
18:05 1635321     : Hi
18:06 matster1998 : hI :)
18:08 matster1998 : do you have any emeralds you'd want to trade?
18:08 1635321     : Don't have any sorry
18:08 matster1998 : oh really
18:08 matster1998 : yeah they're kinda rare
18:08 1635321     : I haven't mined that much
18:29 matster1998 : keep inv is on?
18:31 matster1998 :  placed a sign @ world: x63, z195
  or emeralds!
