16:45 LittyBoiz : whattup squad
16:45 matster1998: hi
16:47 matster1998: so um
16:47 matster1998: why does the railway that leads to "socrates cult" lead to your place, gaurav?
16:48 LittyBoiz  : :flushed:
16:49 matster1998: you lied!
16:50 matster1998: and then you try to shoot me smh
16:51 LittyBoiz  : it was a good prank
16:54 matster1998 placed suspicious WATER_BUCKET @ world: x77, z148
16:55 LittyBoiz  : lemme get arrows
16:55 LittyBoiz  : o wait i can just collect yours
17:00 LittyBoiz  : i cannt damage u there
17:00 LittyBoiz  : :o
17:00 matster1998: same
17:02 matster1998: umm
17:02 matster1998: isn't there supposed to be a social
17:03 LittyBoiz  : yea i dont see anyone on
17:31 kittenlil  : hi matt
17:32 matster1998: hi :)
17:32 kittenlil  : hows it goin
17:32 matster1998: look behind u lol
17:33 kittenlil  : what do i look like
17:33 matster1998: press f5
17:33 kittenlil  : thank you!
17:34 kittenlil  : so generous
17:34 matster1998: you're welcome :)
17:34 kittenlil  : justice matt!
17:34 matster1998: the vegan commune welcomes everyone :)
17:34 kittenlil  : :)))
17:35 kittenlil  : i'm with eya
17:35 kittenlil  : she is teaching me to play
17:35 matster1998: hi eya <3
17:35 LittyBoiz  : guys come to voice, lets start this social. no one is joining
17:35 kittenlil  : ok leggooo i follow you
17:35 matster1998: ok
17:36 kittenlil  : soooo dope
17:38 matster1998: i gave you a pickaxe :)
17:38 matster1998: you can dig now!
17:41 moss_admirer: hiiii
17:41 LittyBoiz   : hi new phone who dis
17:41 moss_admirer: it's ivy
17:41 matster1998 : ivy welcome :)
17:41 LittyBoiz   : hi ivy, this is gaurav
17:41 matster1998 : feel free to join the vegan commune - Matt
17:41 roelanford  : hello ivy!
17:42 kittenlil   : thank you for everything matt!
17:42 kittenlil   : who littyboiz
17:42 LittyBoiz   : gaurav
17:43 kittenlil   : ayyy
17:44 moss_admirer: is there like a server map?
17:45 moss_admirer: /msg kittenlil hey bb 
17:47 kittenlil   : is it nighttime
17:47 kittenlil   : heard
17:48 benkoontz000: SOCIAL TIME
17:48 benkoontz000: Get in the fucking call
17:48 kittenlil   : where is social
17:48 benkoontz000: lf;jahkljahfb;kja lb;lwjarfaw
17:53 matster1998 : we're collected at the vegan commune at the moment
17:57 thatnerdjack: oh damn lots of people on
18:03 SlorseOverlord: brb
18:10 benkoontz000 placed suspicious WATER_BUCKET @ world: x-735, z796
18:15 benkoontz000 placed suspicious WATER_BUCKET @ world: x-732, z793
18:16 benkoontz000 placed suspicious WATER_BUCKET @ world: x-732, z793
18:18 LittyBoiz     : rip
18:18 1635321       : You started it
18:18 matster1998   : sir
18:18 LittyBoiz     : i wasdeliering arrows
18:18 1635321       : Oh
18:18 LittyBoiz     : not one hit u
18:20 1635321       : Heyyyyy
18:20 roelanford    : hello
18:20 benkoontz000  : hey gurla
18:20 benkoontz000  : JOIN CALL OR ELSE
18:20 moss_admirer  : hi roe!
18:20 roelanford    : hello ben hello ivy
18:24 benkoontz000  : everyone bring a bed, blocks, and a sword
18:34 benkoontz000 placed suspicious WATER_BUCKET @ world: x-741, z917
18:34 benkoontz000 placed suspicious WATER_BUCKET @ world: x-741, z917
18:34 benkoontz000 placed suspicious WATER_BUCKET @ world: x-741, z917
18:35 benkoontz000 placed suspicious WATER_BUCKET @ world: x-733, z891
18:43 matster1998   : -110
18:43 matster1998   : 1154
18:43 SlorseOverlord: -91 1564
18:47 matster1998   : welcome :)
