11:10 LittyBoiz   : yo
11:10 benkoontz000: hai
11:10 LittyBoiz   : we literally joineda the same time
11:10 benkoontz000: lol
11:10 benkoontz000: did you see my texts
11:11 LittyBoiz   : yh
11:11 benkoontz000: she just
11:11 benkoontz000: bought a bunch in bulk
11:12 LittyBoiz   : sleep?
11:12 benkoontz000: cant
11:12 benkoontz000: want me to sign out?
11:12 LittyBoiz   : yh
11:13 LittyBoiz   : im debating whether to even take acid
11:13 benkoontz000: tru
11:13 benkoontz000: okay i got therapy be back in an hour
11:13 benkoontz000: :*
11:13 LittyBoiz   : lmao
11:13 LittyBoiz   : why did u join mc
11:23 LittyBoiz   :  placed a sign @ world: x7, z165
  site of the future
  chicago stock
  exchange
11:23 LittyBoiz   :  placed a sign @ world: x10, z168
  selling:
  15 stacks of 
  stone for 1 diamo
11:24 LittyBoiz   :  placed a sign @ world: x9, z168
  64 wheat for 
  15 leather
