10:55 LittyBoiz   :  placed a sign @ world: x-115, z279
   i am reporting
  this to the vegan 
  commune
14:57 LittyBoiz   : yoo
14:58 Jackamonga  : ay whats up
14:58 LittyBoiz   : are u a part of the vegan commune?
14:58 Jackamonga  : lmao nah, I didn't know that was a thing
14:58 Jackamonga  : who is this?
14:58 LittyBoiz   : this is gaurav
14:59 Jackamonga  : oh shit you told me that last night lol
14:59 LittyBoiz   : yh
14:59 Jackamonga  : why's your name littyboiz lmfaoooo
14:59 Jackamonga  : I like it, im not hating
15:00 LittyBoiz   : i wanted it to be litty boi
15:00 LittyBoiz   : but that was taken i think
15:01 LittyBoiz   : so had to add the z
15:01 Jackamonga  : F
15:01 LittyBoiz   : also i was like 13 when i made this acc
15:01 LittyBoiz   : since u r not a park of the vegan commune can u help me prank it
15:01 Jackamonga  : what are you about to do?
15:01 Jackamonga  : And who's in it
15:01 LittyBoiz   : are u on discord
15:01 Jackamonga  : I'll get on
15:04 1635321     : wazzaaap
15:04 LittyBoiz   : yo
15:04 Jackamonga  : ayy
15:04 LittyBoiz   : get on discord chase, i am planning a prank
16:13 LittyBoiz   : hi jack
16:13 thatnerdjack: howdy
16:14 LittyBoiz   : jack richards come to the vegan commune
16:14 thatnerdjack: where is
16:14 LittyBoiz   : near sawn
16:15 LittyBoiz   : we are pranking
16:18 thatnerdjack: what are the coordinates of spawn lol
16:18 thatnerdjack: i'm kinda far
16:18 LittyBoiz   : near o o
16:20 LittyBoiz   : jack
16:20 LittyBoiz   : we are pranking the vegan commne
16:20 thatnerdjack: i'm still walkin
16:23 thatnerdjack: i think i made it to spawn
16:23 LittyBoiz   : we are near the east of river
16:26 LittyBoiz   :  placed a sign @ world: x70, z168
  i know you were 
  having a hard 
  time finding 
  members for 
16:26 LittyBoiz   :  placed a sign @ world: x70, z169
  e
16:28 LittyBoiz   :  placed a sign @ world: x69, z168
  Heard the 
  commune 
  had trouble 
  recruiting:
16:28 LittyBoiz   :  placed a sign @ world: x69, z169
  The commune just
  got a lot larger
  :)
16:29 LittyBoiz   :  placed a sign @ world: x69, z169
  The Vegan 
  Commune just got
  a lot larger 
  :)
16:30 LittyBoiz   :  placed a sign @ world: x69, z169
  we found a 
  few members 
  for you!
16:30 LittyBoiz   :  placed a sign @ world: x69, z170
  courtesy of:
16:31 LittyBoiz   :  placed a sign @ world: x69, z170
  courtesy of:
  Socrates Cult
  & 
  Aristurtle
