12:42 benkoontz000  : yooooooooooo
12:42 roelanford    : sup
12:47 LittyBoiz     : twhattup guys
12:47 benkoontz000  : hai
12:47 LittyBoiz     : did yall peep the subway system?
12:48 roelanford    : no?
12:48 benkoontz000  : ^^^
12:48 LittyBoiz     : we're starting a subway
12:48 LittyBoiz     : to connect bases
12:48 LittyBoiz     : feel free to build a line
12:48 roelanford    : oh shit
12:49 roelanford    : ccol
13:06 benkoontz000  : rip
13:52 benkoontz000  : hai eya
13:52 CrazyOldTree  : hi :)
13:55 benkoontz000  : lol
14:02 benkoontz000  : hai
14:02 LittyBoiz     : yo
14:02 LittyBoiz     : wtm
14:02 LittyBoiz     : idk what to do on mc
14:02 benkoontz000  : build
14:02 LittyBoiz     : other than prank ppl
14:02 benkoontz000  : farms or buildings
14:03 benkoontz000  : gather ender pearls and kill the dragon
14:03 benkoontz000  : find a water stronghold and kill the boss
14:03 benkoontz000  : go to the nether and loot temples
14:03 LittyBoiz     : \
14:03 LittyBoiz     : true
14:03 LittyBoiz     : is there an end movement happening?
14:04 benkoontz000  : explore for rare biomes, and capture rare animals
14:04 benkoontz000  : yeet
14:04 benkoontz000  : Ill pay you for glowstone blocks if you want a job
14:04 LittyBoiz     : what rate
14:04 benkoontz000  : idk
14:04 benkoontz000  : what do you want?
14:04 benkoontz000  : I have no diamonds :(
14:04 LittyBoiz     : i dont rlly want or need anything
14:04 benkoontz000  : I have infinity bow
14:05 LittyBoiz     : trade u diamonds for it
14:05 benkoontz000  : 6?
14:05 LittyBoiz     : is it just infinity?
14:05 benkoontz000  : yep
14:05 LittyBoiz     : 6 diamonds for anything else?
14:05 LittyBoiz     : i have arrows now
14:05 benkoontz000  : I have silk touch book
14:06 benkoontz000  : heyo
14:06 roelanford    : hiya
14:08 LittyBoiz     : we need more factions
14:08 benkoontz000  : lol
14:08 benkoontz000  : thats her first one XDXDXD
14:08 LittyBoiz     : nice
14:08 benkoontz000  : shes died 11 times
14:08 benkoontz000  : and that her first kill
14:09 benkoontz000  : im fucking dead
14:10 roelanford    : don't be disrespectful
14:10 benkoontz000  : ME?
14:10 benkoontz000  : I would never
14:10 roelanford    : baldheaded ass
14:10 LittyBoiz     : BRUH
14:11 roelanford    : i said what i said
14:13 LittyBoiz     : hello
14:14 LittyBoiz     : are berries useful for anything>
14:14 LittyBoiz     : other than food
14:14 roelanford    : eating, tha's ab it
14:14 benkoontz000  : minecraft.gampedia.com
14:14 benkoontz000  : @gaurav
14:14 LittyBoiz     : YOO EFF 4 unb 3
14:14 LittyBoiz     : ok thanks ben
14:14 LittyBoiz     : v helpful
14:14 benkoontz000  : np np
14:15 LittyBoiz     : b koontz if u have fortune 3 i will trade for it, not the silk touch tho
14:16 benkoontz000  : I lost my fortune III in the great nether lava swim
14:16 benkoontz000  : PepeHands
14:16 LittyBoiz     : f
14:16 LittyBoiz     : fortune 3 pays dividends
14:19 LittyBoiz     : :(
14:19 benkoontz000  : rage
14:22 benkoontz000  : :O
14:23 LittyBoiz     : swag
14:23 LittyBoiz     : where tf is this portal
14:32 LittyBoiz     :  placed a sign @ world: x0, z156
  to the socrates 
  cult hideout
  fare: 1 iron
14:33 LittyBoiz     :  placed a sign @ world: x0, z154
  do not power 
14:33 LittyBoiz     :  placed a sign @ world: x2, z155
  leave unpowered
14:35 LittyBoiz     :  placed a sign @ world: x0, z156
  high speed rail
  to socrates cult
  hideout
  fare: 1 iron
14:43 benkoontz000  : brb
14:50 LittyBoiz     : yo
14:50 SlorseOverlord: eyo
14:50 LittyBoiz     : do u have a fuck ton of leather?
14:50 LittyBoiz     : i am willing to buy
14:50 SlorseOverlord: nope lol
14:56 LittyBoiz     : whatre u workig on
14:56 SlorseOverlord: house
14:56 LittyBoiz     : coords?
15:05 benkoontz000  : @litty
15:05 benkoontz000  : whatchu doing bby?
15:07 LittyBoiz     : trying to get leather
15:07 benkoontz000  : why
15:07 LittyBoiz     : enchant
15:08 LittyBoiz     : ive been using chases
15:08 LittyBoiz     : time to get my own
15:08 LittyBoiz     : wyd
15:08 SlorseOverlord placed suspicious WATER_BUCKET @ world: x138, z481
15:09 benkoontz000  : just mining
15:10 LittyBoiz     : how do u only have 3 deaths
15:10 benkoontz000  : IM A GOD
15:11 benkoontz000  : more likely
15:11 benkoontz000  : yall suck
15:11 benkoontz000  : lmao
15:11 LittyBoiz     : deaths are a means to fast travel
15:11 LittyBoiz     : these cows aint fucking smh
15:11 benkoontz000  : xd
15:12 LittyBoiz     : do u have leather
15:13 benkoontz000  : not really
15:13 SlorseOverlord: join the discord vc
15:51 SlorseOverlord placed suspicious WATER_BUCKET @ world: x216, z516
15:51 thatnerdjack  : howdy
15:52 LittyBoiz     : hi
16:14 benkoontz000  : HAI
16:14 matster1998   : hi
16:14 benkoontz000  : bye
16:14 LittyBoiz     : hi
16:14 matster1998   : :(
16:14 matster1998   : i can't join discord since im doing a face mask
16:14 LittyBoiz     : oooo
16:14 SlorseOverlord: oof
16:14 matster1998   : wearing a headset would ruin the mask
16:14 LittyBoiz     : ben didnt want to play with someone with blood on their hands...?
16:19 SlorseOverlord: yo
16:19 1635321       : Hi
16:20 SlorseOverlord: thanks for the stuff!
16:20 1635321       : My cow farm is a composite design but if you search online you'll find ones that work
17:03 LittyBoiz     : pvp?
17:10 LittyBoiz     : no armor sniper battle anyone?
17:13 LittyBoiz     : its on
17:17 benkoontz000  : meet in spawn u cucks
17:18 SlorseOverlord: karma
17:18 SlorseOverlord: are u waldo?
17:19 benkoontz000  : vault boy
17:19 matster1998   : can we tell each other secrets
17:19 matster1998   : and paint each other's nails :)
17:20 matster1998 placed suspicious WATER_BUCKET @ world: x119, z176
17:21 LittyBoiz     : bruh
17:21 1635321       : I'm going to shut down the server so people aren't distracted
17:21 benkoontz000  : peace?
17:21 LittyBoiz     : nooooo
17:21 matster1998 placed suspicious WATER_BUCKET @ world: x119, z176
18:12 thatnerdjack: howdy
18:12 benkoontz000: hai boo
18:13 thatnerdjack: when's the phil discussion this week?
18:13 LittyBoiz   : right now
18:13 LittyBoiz   : come ome
18:13 thatnerdjack: oop
18:13 benkoontz000: LMAO
18:13 thatnerdjack: shiiit
18:13 LittyBoiz   : its still going
18:30 thatnerdjack placed suspicious WATER_BUCKET @ world: x596, z334
18:30 thatnerdjack placed suspicious WATER_BUCKET @ world: x606, z334
18:30 thatnerdjack placed suspicious WATER_BUCKET @ world: x615, z334
18:30 thatnerdjack placed suspicious WATER_BUCKET @ world: x625, z334
18:30 thatnerdjack placed suspicious WATER_BUCKET @ world: x604, z334
18:30 thatnerdjack placed suspicious WATER_BUCKET @ world: x596, z324
18:31 thatnerdjack placed suspicious WATER_BUCKET @ world: x596, z326
18:31 thatnerdjack placed suspicious WATER_BUCKET @ world: x596, z315
18:31 thatnerdjack placed suspicious WATER_BUCKET @ world: x596, z320
18:31 thatnerdjack placed suspicious WATER_BUCKET @ world: x596, z305
18:31 thatnerdjack placed suspicious WATER_BUCKET @ world: x596, z313
18:32 thatnerdjack placed suspicious WATER_BUCKET @ world: x606, z305
18:32 thatnerdjack placed suspicious WATER_BUCKET @ world: x615, z305
18:32 matster1998 placed suspicious WATER_BUCKET @ world: x103, z177
18:32 thatnerdjack placed suspicious WATER_BUCKET @ world: x610, z305
18:32 thatnerdjack placed suspicious WATER_BUCKET @ world: x603, z305
18:32 matster1998 placed suspicious WATER_BUCKET @ world: x103, z177
18:32 matster1998 placed suspicious WATER_BUCKET @ world: x103, z177
18:32 thatnerdjack placed suspicious WATER_BUCKET @ world: x625, z324
18:33 thatnerdjack placed suspicious WATER_BUCKET @ world: x611, z334
18:33 LittyBoiz   : u my golden hoe ;)
18:33 matster1998 : :)
18:33 thatnerdjack placed suspicious WATER_BUCKET @ world: x625, z315
18:33 thatnerdjack placed suspicious WATER_BUCKET @ world: x625, z305
18:33 thatnerdjack placed suspicious WATER_BUCKET @ world: x618, z305
18:34 matster1998 placed suspicious WATER_BUCKET @ world: x119, z177
18:34 matster1998 placed suspicious WATER_BUCKET @ world: x118, z177
18:34 matster1998 placed suspicious WATER_BUCKET @ world: x103, z178
18:38 thatnerdjack placed suspicious WATER_BUCKET @ world: x625, z327
18:39 matster1998 placed suspicious WATER_BUCKET @ world: x120, z177
18:39 thatnerdjack placed suspicious WATER_BUCKET @ world: x625, z319
18:39 thatnerdjack placed suspicious WATER_BUCKET @ world: x625, z312
18:39 thatnerdjack placed suspicious WATER_BUCKET @ world: x603, z324
18:39 thatnerdjack placed suspicious WATER_BUCKET @ world: x603, z327
18:39 thatnerdjack placed suspicious WATER_BUCKET @ world: x611, z327
18:40 thatnerdjack placed suspicious WATER_BUCKET @ world: x618, z334
18:40 thatnerdjack placed suspicious WATER_BUCKET @ world: x618, z327
18:40 thatnerdjack placed suspicious WATER_BUCKET @ world: x603, z320
18:40 thatnerdjack placed suspicious WATER_BUCKET @ world: x603, z315
18:40 thatnerdjack placed suspicious WATER_BUCKET @ world: x603, z313
18:41 thatnerdjack placed suspicious WATER_BUCKET @ world: x610, z312
18:41 thatnerdjack placed suspicious WATER_BUCKET @ world: x618, z312
18:41 thatnerdjack placed suspicious WATER_BUCKET @ world: x618, z324
18:41 thatnerdjack placed suspicious WATER_BUCKET @ world: x618, z315
18:41 thatnerdjack placed suspicious WATER_BUCKET @ world: x618, z319
18:42 matster1998 placed suspicious WATER_BUCKET @ world: x111, z170
18:42 matster1998 placed suspicious WATER_BUCKET @ world: x112, z184
18:43 matster1998 placed suspicious WATER_BUCKET @ world: x112, z185
18:43 LittyBoiz   : why are there llamas up here
18:43 roelanford  : why not
18:44 benkoontz000: ^
18:44 LittyBoiz   : there are llamas on top of my mob farm
18:44 roelanford  : ben knows what's up
18:47 matster1998 placed suspicious WATER_BUCKET @ world: x111, z178
18:48 benkoontz000: HAI
18:49 thatnerdjack: whomst
18:50 TrueGold18  : galina lol
19:22 matster1998 : mobs that die from falling don't drop exp anymore? :(
19:26 matster1998 : hail, friend :)
19:26 LittyBoiz   : hello
19:26 matster1998 : what are you up to
19:26 LittyBoiz   : boolin
19:26 LittyBoiz   : u
19:26 matster1998 : my mob farm didn't work :(
19:27 matster1998 : it makes mobs fall and die but they dont drop exp
19:27 LittyBoiz   : i made one and it didnt work either
19:27 LittyBoiz   : oh
19:27 LittyBoiz   : you ahve to kill them yourself
19:27 matster1998 : yeah :(
19:27 LittyBoiz   : collect them up and kill them
19:27 matster1998 : how
19:27 LittyBoiz   : don't kill them
19:27 LittyBoiz   : drip them like only 20 blocks
19:27 matster1998 : ah ok
19:29 LittyBoiz   : @roe i have a lot of detector rails if u want to trade
19:29 LittyBoiz   : powered rail*
19:32 LittyBoiz   : bkoontz can u build a rail line also
19:32 LittyBoiz   : also matt u can use the line i built to connect vegan commune, even tho its close to spawn
20:02 benkoontz000:  placed a sign @ world: x-747, z840
  water
20:43 roelanford  :  placed a sign @ world: x348, z64
  Welcome to 
  Roe's
  Lil Place
20:44 roelanford  :  placed a sign @ world: x348, z64
  Please
  Don't
  Stay
  Long
20:45 roelanford  :  placed a sign @ world: x0, z156
  Also
  To
  Roe's
20:47 roelanford  :  placed a sign @ world: x178, z154
  Transfer
  To
  Roe
21:12 benkoontz000: I love you two
21:12 benkoontz000: <#
21:13 benkoontz000: <3
21:23 LittyBoiz   : sleep?
21:23 matster1998 : ok
21:24 matster1998 : sleeping
21:36 benkoontz000 placed suspicious WATER_BUCKET @ world: x-745, z843
21:37 benkoontz000 placed suspicious WATER_BUCKET @ world: x-745, z843
21:37 benkoontz000 placed suspicious WATER_BUCKET @ world: x-745, z843
21:44 benkoontz000 placed suspicious WATER_BUCKET @ world: x-753, z842
21:44 benkoontz000:  placed a sign @ world: x-755, z839
  rrrrrr
21:58 benkoontz000:  placed a sign @ world: x-751, z843
  rrrrrrrrrrrrrrr
21:59 roelanford placed suspicious LAVA_BUCKET @ world: x351, z109
22:05 benkoontz000: EZ CLAP
22:05 roelanford  : Fuck you
22:11 matster1998 placed suspicious WATER_BUCKET @ world: x-1895, z602
22:18 benkoontz000:  placed a sign @ world: x-751, z842
  rrrrrrrrr
22:22 LittyBoiz   : anyone able to sleep?
22:22 matster1998 : no
22:44 matster1998 : ben
