16:56 1635321   : Hello
16:56 SlorseOverlord: hi
16:56 1635321       : This is Chase
16:56 SlorseOverlord: this is isaiah
16:56 SlorseOverlord: from psych club
16:56 1635321       : Oh hey
16:56 SlorseOverlord: nice spawn point
16:56 1635321       : Yeah I like this seed
16:56 1635321       : How'd you find this?
16:57 1635321       : You in the phil chat?
16:57 SlorseOverlord: im in the phil club group me
16:57 1635321       : Ok cool
16:57 SlorseOverlord: joined the discord
16:57 SlorseOverlord: id like to show up to a meeting sometime, havent yet though
16:58 1635321       : Yeah and we won't be having any meetings this semester probably
16:58 1635321       : Though you can come next year
16:58 1635321       : I'll be president next year
16:58 SlorseOverlord: at least not in person
16:58 SlorseOverlord: nice
16:58 1635321       : True we're doing a discord meeting tonight
16:59 SlorseOverlord: i might hop in for a bit, whats the topic?
16:59 1635321       : Actually idk we normally do a vote but we didn't this week
16:59 1635321       : So idk what Ben has planned
17:00 SlorseOverlord: are you guys doing a faction thing in this world?
17:00 1635321       : We were hoping to do unofficial factions
17:00 SlorseOverlord: nice
17:00 1635321       : There was a vegan faction before lol
17:01 1635321       : I haven't thought of a good one yet
17:01 SlorseOverlord: lol saw some talk of that in discord
17:01 1635321       : Yeah Matt was collecting all the cows and whatnot to protect them from harm
17:01 SlorseOverlord: lol
17:01 1635321       : And there was an official vegan commune creed
17:02 SlorseOverlord: nice
17:24 1635321       : Hey Jack
17:24 1635321       : Server part 2
17:24 thatnerdjack  : server 2: electric boogaloo
17:24 thatnerdjack  : ow
17:30 thatnerdjack  : oh hey land claim stuff
17:30 thatnerdjack  : that's actually p useful
